Feb 20, 2023 19:23:14.647 [0x7f17528f5b38] INFO - Plex Tuner Service v1.30.2.6563-3d4dc0cce - Docker Docker Container (LinuxServer.io) x86_64 - build: 
Feb 20, 2023 19:23:14.647 [0x7f17528f5b38] INFO - Linux version: 5.15.0-60-generic (#66-Ubuntu SMP Fri Jan 20 14:29:49 UTC 2023), language: en-US
Feb 20, 2023 19:23:14.647 [0x7f17528f5b38] INFO - Processor 11th Gen Intel(R) Core(TM) i7-11800H @ 2.30GHz
Feb 20, 2023 19:23:14.647 [0x7f17528f5b38] INFO - /usr/lib/plexmediaserver/Plex Tuner Service /usr/lib/plexmediaserver/Resources/Tuner/Private /usr/lib/plexmediaserver/Resources/Tuner/Shared 1.30.2.6563-3d4dc0cce 32600
Feb 20, 2023 19:23:14.645 [0x7f17541f6808] INFO - [I] broker_t::start...
Feb 20, 2023 19:23:14.647 [0x7f17541f6808] INFO - [I] device_manager_t::init.
Feb 20, 2023 19:23:14.647 [0x7f17541f6808] INFO - [I] device_manager_t::init. Initialize provider manager
Feb 20, 2023 19:23:14.647 [0x7f17541f6808] INFO - [I] device_manager_t::init. Initialize all device auxes
Feb 20, 2023 19:23:14.647 [0x7f17541f6808] INFO - [I] dvb_device_factory_t::get_aux_list
Feb 20, 2023 19:23:14.647 [0x7f17541f6808] INFO - [I] tvbutler_aux_t::init
Feb 20, 2023 19:23:14.647 [0x7f17541f6808] INFO - [I] web_server_t::start. Starting web server on port 32600
Feb 20, 2023 19:23:23.349 [0x7f175268db38] INFO - [I] web_service_t::process_device_discovery
Feb 20, 2023 19:23:23.349 [0x7f175268db38] INFO - [I] device_reactor_t::get_device_list ()
Feb 20, 2023 19:23:25.354 [0x7f175268db38] INFO - [I] SAT2IP - discover_satip_servers(): no servers found
Feb 20, 2023 19:23:25.774 [0x7f175268db38] INFO - [I] v4l::DeviceGetList_impl. getting v4l device list
Feb 20, 2023 19:23:25.775 [0x7f175268db38] INFO - [I] onetv_factory::DeviceGetListEx >>
Feb 20, 2023 19:23:25.775 [0x7f175268db38] WARN - [W] onetv_factory::DeviceGetListEx. libusb_init returned an error -99
Feb 20, 2023 19:26:22.616 [0x7f17541f6808] INFO - Received SIGINT: Interrupt from keyboard.
Feb 20, 2023 19:26:22.625 [0x7f17541f6808] INFO - [I] device_manager_t::term
Feb 20, 2023 19:26:22.625 [0x7f17541f6808] INFO - [I] device_manager_t::term. Stop all devices
Feb 20, 2023 19:26:22.625 [0x7f17541f6808] INFO - [I] device_manager_t::term. Shut down all device auxes
Feb 20, 2023 19:26:22.625 [0x7f17541f6808] INFO - [I] tvbutler_aux_t::term
Feb 20, 2023 19:26:22.626 [0x7f17541f6808] INFO - [I] web_server_t::stop. Web server is stopped
Feb 20, 2023 19:26:22.626 [0x7f17541f6808] INFO - [I] device_manager_t::term
Feb 20, 2023 19:26:22.626 [0x7f17541f6808] INFO - [I] device_manager_t::term. Stop all devices
Feb 20, 2023 19:26:22.626 [0x7f17541f6808] INFO - [I] device_manager_t::term. Shut down all device auxes
Feb 20, 2023 19:26:22.626 [0x7f17541f6808] INFO - [I] broker_t::shutdown. Shutdown is completed.
